<?xml version="1.0" encoding="UTF-8"?>
<testng-results skipped="0" failed="3" total="12" passed="9">
  <reporter-output>
  </reporter-output>
  <suite name="com.pramati.test.AccountMgmtTest" duration-ms="628437" started-at="2017-10-12T07:22:13Z" finished-at="2017-10-12T07:32:41Z">
    <groups>
      <group name="Sanity">
        <method signature="AccountMgmtTest.myntra_AddMultpleProductsToCartTest(java.lang.String, java.lang.String, java.lang.String, java.lang.String)[pri:8, instance:com.pramati.test.AccountMgmtTest@153f5a29]" name="myntra_AddMultpleProductsToCartTest" class="com.pramati.test.AccountMgmtTest"/>
        <method signature="AccountMgmtTest.myntra_ChangeShippingAddress(java.lang.String, java.lang.String, java.lang.String, java.lang.String)[pri:4, instance:com.pramati.test.AccountMgmtTest@153f5a29]" name="myntra_ChangeShippingAddress" class="com.pramati.test.AccountMgmtTest"/>
        <method signature="AccountMgmtTest.myntra_Logout(java.lang.String, java.lang.String, java.lang.String, java.lang.String)[pri:2, instance:com.pramati.test.AccountMgmtTest@153f5a29]" name="myntra_Logout" class="com.pramati.test.AccountMgmtTest"/>
        <method signature="AccountMgmtTest.myntra_NoOfProductsPerPageTest(java.lang.String, java.lang.String, java.lang.String, java.lang.String)[pri:6, instance:com.pramati.test.AccountMgmtTest@153f5a29]" name="myntra_NoOfProductsPerPageTest" class="com.pramati.test.AccountMgmtTest"/>
        <method signature="AccountMgmtTest.myntra_OrderCODTest(java.lang.String, java.lang.String, java.lang.String, java.lang.String)[pri:7, instance:com.pramati.test.AccountMgmtTest@153f5a29]" name="myntra_OrderCODTest" class="com.pramati.test.AccountMgmtTest"/>
        <method signature="AccountMgmtTest.myntra_RemoveAddress(java.lang.String, java.lang.String, java.lang.String, java.lang.String)[pri:5, instance:com.pramati.test.AccountMgmtTest@153f5a29]" name="myntra_RemoveAddress" class="com.pramati.test.AccountMgmtTest"/>
        <method signature="AccountMgmtTest.myntra_Sign(java.lang.String, java.lang.String, java.lang.String, java.lang.String)[pri:1, instance:com.pramati.test.AccountMgmtTest@153f5a29]" name="myntra_Sign" class="com.pramati.test.AccountMgmtTest"/>
        <method signature="AccountMgmtTest.myntra_SignUp(java.lang.String, java.lang.String, java.lang.String, java.lang.String, java.lang.String)[pri:3, instance:com.pramati.test.AccountMgmtTest@153f5a29]" name="myntra_SignUp" class="com.pramati.test.AccountMgmtTest"/>
        <method signature="AccountMgmtTest.myntra_serchForOrderStatusTest(java.lang.String, java.lang.String, java.lang.String, java.lang.String)[pri:8, instance:com.pramati.test.AccountMgmtTest@153f5a29]" name="myntra_serchForOrderStatusTest" class="com.pramati.test.AccountMgmtTest"/>
      </group> <!-- Sanity -->
      <group name="Smoke">
        <method signature="AccountMgmtTest.myntra_AddMultpleProductsToCartTest(java.lang.String, java.lang.String, java.lang.String, java.lang.String)[pri:8, instance:com.pramati.test.AccountMgmtTest@153f5a29]" name="myntra_AddMultpleProductsToCartTest" class="com.pramati.test.AccountMgmtTest"/>
        <method signature="AccountMgmtTest.myntra_ChangeShippingAddress(java.lang.String, java.lang.String, java.lang.String, java.lang.String)[pri:4, instance:com.pramati.test.AccountMgmtTest@153f5a29]" name="myntra_ChangeShippingAddress" class="com.pramati.test.AccountMgmtTest"/>
        <method signature="AccountMgmtTest.myntra_Logout(java.lang.String, java.lang.String, java.lang.String, java.lang.String)[pri:2, instance:com.pramati.test.AccountMgmtTest@153f5a29]" name="myntra_Logout" class="com.pramati.test.AccountMgmtTest"/>
        <method signature="AccountMgmtTest.myntra_NoOfProductsPerPageTest(java.lang.String, java.lang.String, java.lang.String, java.lang.String)[pri:6, instance:com.pramati.test.AccountMgmtTest@153f5a29]" name="myntra_NoOfProductsPerPageTest" class="com.pramati.test.AccountMgmtTest"/>
        <method signature="AccountMgmtTest.myntra_OrderCODTest(java.lang.String, java.lang.String, java.lang.String, java.lang.String)[pri:7, instance:com.pramati.test.AccountMgmtTest@153f5a29]" name="myntra_OrderCODTest" class="com.pramati.test.AccountMgmtTest"/>
        <method signature="AccountMgmtTest.myntra_RemoveAddress(java.lang.String, java.lang.String, java.lang.String, java.lang.String)[pri:5, instance:com.pramati.test.AccountMgmtTest@153f5a29]" name="myntra_RemoveAddress" class="com.pramati.test.AccountMgmtTest"/>
        <method signature="AccountMgmtTest.myntra_Sign(java.lang.String, java.lang.String, java.lang.String, java.lang.String)[pri:1, instance:com.pramati.test.AccountMgmtTest@153f5a29]" name="myntra_Sign" class="com.pramati.test.AccountMgmtTest"/>
        <method signature="AccountMgmtTest.myntra_SignUp(java.lang.String, java.lang.String, java.lang.String, java.lang.String, java.lang.String)[pri:3, instance:com.pramati.test.AccountMgmtTest@153f5a29]" name="myntra_SignUp" class="com.pramati.test.AccountMgmtTest"/>
        <method signature="AccountMgmtTest.myntra_serchForOrderStatusTest(java.lang.String, java.lang.String, java.lang.String, java.lang.String)[pri:8, instance:com.pramati.test.AccountMgmtTest@153f5a29]" name="myntra_serchForOrderStatusTest" class="com.pramati.test.AccountMgmtTest"/>
      </group> <!-- Smoke -->
    </groups>
    <test name="Command line test" duration-ms="628437" started-at="2017-10-12T07:22:13Z" finished-at="2017-10-12T07:32:41Z">
      <class name="com.pramati.test.AccountMgmtTest">
        <test-method status="PASS" signature="setUp()[pri:0, instance:com.pramati.test.AccountMgmtTest@153f5a29]" name="setUp" is-config="true" duration-ms="12244" started-at="2017-10-12T12:52:13Z" finished-at="2017-10-12T12:52:25Z">
          <reporter-output>
          </reporter-output>
        </test-method> <!-- setUp -->
        <test-method status="PASS" signature="myntra_Sign(java.lang.String, java.lang.String, java.lang.String, java.lang.String)[pri:1, instance:com.pramati.test.AccountMgmtTest@153f5a29]" name="myntra_Sign" duration-ms="11601" started-at="2017-10-12T12:52:25Z" description="Login to the myntra application." data-provider="appLogin" finished-at="2017-10-12T12:52:37Z">
          <params>
            <param index="0">
              <value>
                <![CDATA[https://www.myntra.com/]]>
              </value>
            </param>
            <param index="1">
              <value>
                <![CDATA[mahesh.rc25@gmail.com]]>
              </value>
            </param>
            <param index="2">
              <value>
                <![CDATA[Siva@123]]>
              </value>
            </param>
            <param index="3">
              <value>
                <![CDATA[Login]]>
              </value>
            </param>
          </params>
          <reporter-output>
          </reporter-output>
        </test-method> <!-- myntra_Sign -->
        <test-method status="PASS" signature="cleanUp()[pri:0, instance:com.pramati.test.AccountMgmtTest@153f5a29]" name="cleanUp" is-config="true" duration-ms="2575" started-at="2017-10-12T12:52:37Z" finished-at="2017-10-12T12:52:39Z">
          <reporter-output>
          </reporter-output>
        </test-method> <!-- cleanUp -->
        <test-method status="PASS" signature="setUp()[pri:0, instance:com.pramati.test.AccountMgmtTest@153f5a29]" name="setUp" is-config="true" duration-ms="2831" started-at="2017-10-12T12:52:39Z" finished-at="2017-10-12T12:52:42Z">
          <reporter-output>
          </reporter-output>
        </test-method> <!-- setUp -->
        <test-method status="PASS" signature="myntra_Sign(java.lang.String, java.lang.String, java.lang.String, java.lang.String)[pri:1, instance:com.pramati.test.AccountMgmtTest@153f5a29]" name="myntra_Sign" duration-ms="6506" started-at="2017-10-12T12:52:42Z" description="Login to the myntra application." data-provider="appLogin" finished-at="2017-10-12T12:52:49Z">
          <params>
            <param index="0">
              <value>
                <![CDATA[https://www.myntra.com/]]>
              </value>
            </param>
            <param index="1">
              <value>
                <![CDATA[mahesh.rc25@gmail.com]]>
              </value>
            </param>
            <param index="2">
              <value>
                <![CDATA[Siva@123]]>
              </value>
            </param>
            <param index="3">
              <value>
                <![CDATA[Login]]>
              </value>
            </param>
          </params>
          <reporter-output>
          </reporter-output>
        </test-method> <!-- myntra_Sign -->
        <test-method status="PASS" signature="cleanUp()[pri:0, instance:com.pramati.test.AccountMgmtTest@153f5a29]" name="cleanUp" is-config="true" duration-ms="3316" started-at="2017-10-12T12:52:49Z" finished-at="2017-10-12T12:52:52Z">
          <reporter-output>
          </reporter-output>
        </test-method> <!-- cleanUp -->
        <test-method status="PASS" signature="setUp()[pri:0, instance:com.pramati.test.AccountMgmtTest@153f5a29]" name="setUp" is-config="true" duration-ms="2948" started-at="2017-10-12T12:52:52Z" finished-at="2017-10-12T12:52:55Z">
          <reporter-output>
          </reporter-output>
        </test-method> <!-- setUp -->
        <test-method status="PASS" signature="myntra_Sign(java.lang.String, java.lang.String, java.lang.String, java.lang.String)[pri:1, instance:com.pramati.test.AccountMgmtTest@153f5a29]" name="myntra_Sign" duration-ms="8277" started-at="2017-10-12T12:52:55Z" description="Login to the myntra application." data-provider="appLogin" finished-at="2017-10-12T12:53:03Z">
          <params>
            <param index="0">
              <value>
                <![CDATA[https://www.myntra.com/]]>
              </value>
            </param>
            <param index="1">
              <value>
                <![CDATA[mahesh.rc25@gmail.com]]>
              </value>
            </param>
            <param index="2">
              <value>
                <![CDATA[Siva@123]]>
              </value>
            </param>
            <param index="3">
              <value>
                <![CDATA[Login]]>
              </value>
            </param>
          </params>
          <reporter-output>
          </reporter-output>
        </test-method> <!-- myntra_Sign -->
        <test-method status="PASS" signature="cleanUp()[pri:0, instance:com.pramati.test.AccountMgmtTest@153f5a29]" name="cleanUp" is-config="true" duration-ms="3522" started-at="2017-10-12T12:53:03Z" finished-at="2017-10-12T12:53:07Z">
          <reporter-output>
          </reporter-output>
        </test-method> <!-- cleanUp -->
        <test-method status="PASS" signature="setUp()[pri:0, instance:com.pramati.test.AccountMgmtTest@153f5a29]" name="setUp" is-config="true" duration-ms="2511" started-at="2017-10-12T12:53:07Z" finished-at="2017-10-12T12:53:09Z">
          <reporter-output>
          </reporter-output>
        </test-method> <!-- setUp -->
        <test-method status="PASS" signature="myntra_Sign(java.lang.String, java.lang.String, java.lang.String, java.lang.String)[pri:1, instance:com.pramati.test.AccountMgmtTest@153f5a29]" name="myntra_Sign" duration-ms="7167" started-at="2017-10-12T12:53:09Z" description="Login to the myntra application." data-provider="appLogin" finished-at="2017-10-12T12:53:16Z">
          <params>
            <param index="0">
              <value>
                <![CDATA[https://www.myntra.com/]]>
              </value>
            </param>
            <param index="1">
              <value>
                <![CDATA[mahesh.rc25@gmail.com]]>
              </value>
            </param>
            <param index="2">
              <value>
                <![CDATA[Siva@123]]>
              </value>
            </param>
            <param index="3">
              <value>
                <![CDATA[Login]]>
              </value>
            </param>
          </params>
          <reporter-output>
          </reporter-output>
        </test-method> <!-- myntra_Sign -->
        <test-method status="PASS" signature="cleanUp()[pri:0, instance:com.pramati.test.AccountMgmtTest@153f5a29]" name="cleanUp" is-config="true" duration-ms="2650" started-at="2017-10-12T12:53:16Z" finished-at="2017-10-12T12:53:19Z">
          <reporter-output>
          </reporter-output>
        </test-method> <!-- cleanUp -->
        <test-method status="PASS" signature="setUp()[pri:0, instance:com.pramati.test.AccountMgmtTest@153f5a29]" name="setUp" is-config="true" duration-ms="2554" started-at="2017-10-12T12:53:19Z" finished-at="2017-10-12T12:53:22Z">
          <reporter-output>
          </reporter-output>
        </test-method> <!-- setUp -->
        <test-method status="PASS" signature="myntra_Logout(java.lang.String, java.lang.String, java.lang.String, java.lang.String)[pri:2, instance:com.pramati.test.AccountMgmtTest@153f5a29]" name="myntra_Logout" duration-ms="16396" started-at="2017-10-12T12:53:22Z" description="Logout from myntra application." data-provider="appLogout" finished-at="2017-10-12T12:53:38Z">
          <params>
            <param index="0">
              <value>
                <![CDATA[https://www.myntra.com/]]>
              </value>
            </param>
            <param index="1">
              <value>
                <![CDATA[mahesh.rc25@gmail.com]]>
              </value>
            </param>
            <param index="2">
              <value>
                <![CDATA[Siva@123]]>
              </value>
            </param>
            <param index="3">
              <value>
                <![CDATA[Online Shopping for Women, Men, Kids Fashion & Lifestyle - Myntra]]>
              </value>
            </param>
          </params>
          <reporter-output>
          </reporter-output>
        </test-method> <!-- myntra_Logout -->
        <test-method status="PASS" signature="cleanUp()[pri:0, instance:com.pramati.test.AccountMgmtTest@153f5a29]" name="cleanUp" is-config="true" duration-ms="3062" started-at="2017-10-12T12:53:38Z" finished-at="2017-10-12T12:53:41Z">
          <reporter-output>
          </reporter-output>
        </test-method> <!-- cleanUp -->
        <test-method status="PASS" signature="setUp()[pri:0, instance:com.pramati.test.AccountMgmtTest@153f5a29]" name="setUp" is-config="true" duration-ms="2898" started-at="2017-10-12T12:53:41Z" finished-at="2017-10-12T12:53:44Z">
          <reporter-output>
          </reporter-output>
        </test-method> <!-- setUp -->
        <test-method status="PASS" signature="myntra_SignUp(java.lang.String, java.lang.String, java.lang.String, java.lang.String, java.lang.String)[pri:3, instance:com.pramati.test.AccountMgmtTest@153f5a29]" name="myntra_SignUp" duration-ms="27447" started-at="2017-10-12T12:53:44Z" description="singup for new user in myntra application." data-provider="appsignUp" finished-at="2017-10-12T12:54:11Z">
          <params>
            <param index="0">
              <value>
                <![CDATA[https://www.myntra.com/]]>
              </value>
            </param>
            <param index="1">
              <value>
                <![CDATA[mahesh.rc2390@gmail.com]]>
              </value>
            </param>
            <param index="2">
              <value>
                <![CDATA[Siva@123]]>
              </value>
            </param>
            <param index="3">
              <value>
                <![CDATA[Online Shopping for Women, Men, Kids Fashion & Lifestyle - Myntra]]>
              </value>
            </param>
            <param index="4">
              <value>
                <![CDATA[9922992299]]>
              </value>
            </param>
          </params>
          <reporter-output>
          </reporter-output>
        </test-method> <!-- myntra_SignUp -->
        <test-method status="PASS" signature="cleanUp()[pri:0, instance:com.pramati.test.AccountMgmtTest@153f5a29]" name="cleanUp" is-config="true" duration-ms="4799" started-at="2017-10-12T12:54:11Z" finished-at="2017-10-12T12:54:16Z">
          <reporter-output>
          </reporter-output>
        </test-method> <!-- cleanUp -->
        <test-method status="PASS" signature="setUp()[pri:0, instance:com.pramati.test.AccountMgmtTest@153f5a29]" name="setUp" is-config="true" duration-ms="2376" started-at="2017-10-12T12:54:16Z" finished-at="2017-10-12T12:54:19Z">
          <reporter-output>
          </reporter-output>
        </test-method> <!-- setUp -->
        <test-method status="FAIL" signature="myntra_ChangeShippingAddress(java.lang.String, java.lang.String, java.lang.String, java.lang.String)[pri:4, instance:com.pramati.test.AccountMgmtTest@153f5a29]" name="myntra_ChangeShippingAddress" duration-ms="26609" started-at="2017-10-12T12:54:19Z" description="Add new Address to Account." data-provider="appLogout" finished-at="2017-10-12T12:54:45Z">
          <params>
            <param index="0">
              <value>
                <![CDATA[https://www.myntra.com/]]>
              </value>
            </param>
            <param index="1">
              <value>
                <![CDATA[mahesh.rc25@gmail.com]]>
              </value>
            </param>
            <param index="2">
              <value>
                <![CDATA[Siva@123]]>
              </value>
            </param>
            <param index="3">
              <value>
                <![CDATA[Online Shopping for Women, Men, Kids Fashion & Lifestyle - Myntra]]>
              </value>
            </param>
          </params>
          <exception class="org.openqa.selenium.ElementNotVisibleException">
            <message>
              <![CDATA[element not visible
  (Session info: chrome=61.0.3163.100)
  (Driver info: chromedriver=2.32.498550 (9dec58e66c31bcc53a9ce3c7226f0c1c5810906a),platform=Windows NT 10.0.15063 x86_64) (WARNING: The server did not provide any stacktrace information)
Command duration or timeout: 0 milliseconds
Build info: version: '3.5.3', revision: 'a88d25fe6b', time: '2017-08-29T12:42:44.417Z'
System info: host: 'PRINHYLTPDL0729', ip: '172.16.49.30', os.name: 'Windows 10', os.arch: 'amd64', os.version: '10.0', java.version: '1.8.0_144'
Driver info: org.openqa.selenium.chrome.ChromeDriver
Capabilities [{mobileEmulationEnabled=false, hasTouchScreen=false, platform=XP, acceptSslCerts=true, webStorageEnabled=true, browserName=chrome, takesScreenshot=true, javascriptEnabled=true, platformName=XP, setWindowRect=true, unexpectedAlertBehaviour=, applicationCacheEnabled=false, rotatable=false, networkConnectionEnabled=false, chrome={chromedriverVersion=2.32.498550 (9dec58e66c31bcc53a9ce3c7226f0c1c5810906a), userDataDir=C:\Users\maheshg\AppData\Local\Temp\scoped_dir10184_30425}, takesHeapSnapshot=true, pageLoadStrategy=normal, unhandledPromptBehavior=, databaseEnabled=false, handlesAlerts=true, version=61.0.3163.100, browserConnectionEnabled=false, nativeEvents=true, locationContextEnabled=true, cssSelectorsEnabled=true}]
Session ID: d246f71caf61c3b54db72c3c23053185]]>
            </message>
            <full-stacktrace>
              <![CDATA[org.openqa.selenium.ElementNotVisibleException: element not visible
  (Session info: chrome=61.0.3163.100)
  (Driver info: chromedriver=2.32.498550 (9dec58e66c31bcc53a9ce3c7226f0c1c5810906a),platform=Windows NT 10.0.15063 x86_64) (WARNING: The server did not provide any stacktrace information)
Command duration or timeout: 0 milliseconds
Build info: version: '3.5.3', revision: 'a88d25fe6b', time: '2017-08-29T12:42:44.417Z'
System info: host: 'PRINHYLTPDL0729', ip: '172.16.49.30', os.name: 'Windows 10', os.arch: 'amd64', os.version: '10.0', java.version: '1.8.0_144'
Driver info: org.openqa.selenium.chrome.ChromeDriver
Capabilities [{mobileEmulationEnabled=false, hasTouchScreen=false, platform=XP, acceptSslCerts=true, webStorageEnabled=true, browserName=chrome, takesScreenshot=true, javascriptEnabled=true, platformName=XP, setWindowRect=true, unexpectedAlertBehaviour=, applicationCacheEnabled=false, rotatable=false, networkConnectionEnabled=false, chrome={chromedriverVersion=2.32.498550 (9dec58e66c31bcc53a9ce3c7226f0c1c5810906a), userDataDir=C:\Users\maheshg\AppData\Local\Temp\scoped_dir10184_30425}, takesHeapSnapshot=true, pageLoadStrategy=normal, unhandledPromptBehavior=, databaseEnabled=false, handlesAlerts=true, version=61.0.3163.100, browserConnectionEnabled=false, nativeEvents=true, locationContextEnabled=true, cssSelectorsEnabled=true}]
Session ID: d246f71caf61c3b54db72c3c23053185
	at sun.reflect.NativeConstructorAccessorImpl.newInstance0(Native Method)
	at sun.reflect.NativeConstructorAccessorImpl.newInstance(NativeConstructorAccessorImpl.java:62)
	at sun.reflect.DelegatingConstructorAccessorImpl.newInstance(DelegatingConstructorAccessorImpl.java:45)
	at java.lang.reflect.Constructor.newInstance(Constructor.java:423)
	at org.openqa.selenium.remote.ErrorHandler.createThrowable(ErrorHandler.java:215)
	at org.openqa.selenium.remote.ErrorHandler.throwIfResponseFailed(ErrorHandler.java:167)
	at org.openqa.selenium.remote.http.JsonHttpResponseCodec.reconstructValue(JsonHttpResponseCodec.java:40)
	at org.openqa.selenium.remote.http.AbstractHttpResponseCodec.decode(AbstractHttpResponseCodec.java:82)
	at org.openqa.selenium.remote.http.AbstractHttpResponseCodec.decode(AbstractHttpResponseCodec.java:45)
	at org.openqa.selenium.remote.HttpCommandExecutor.execute(HttpCommandExecutor.java:164)
	at org.openqa.selenium.remote.service.DriverCommandExecutor.execute(DriverCommandExecutor.java:82)
	at org.openqa.selenium.remote.RemoteWebDriver.execute(RemoteWebDriver.java:646)
	at org.openqa.selenium.remote.RemoteWebElement.execute(RemoteWebElement.java:275)
	at org.openqa.selenium.remote.RemoteWebElement.click(RemoteWebElement.java:82)
	at sun.reflect.GeneratedMethodAccessor1.invoke(Unknown Source)
	at sun.reflect.DelegatingMethodAccessorImpl.invoke(DelegatingMethodAccessorImpl.java:43)
	at java.lang.reflect.Method.invoke(Method.java:498)
	at org.openqa.selenium.support.pagefactory.internal.LocatingElementHandler.invoke(LocatingElementHandler.java:51)
	at com.sun.proxy.$Proxy9.click(Unknown Source)
	at com.pramati.test.AccountMgmtTest.myntra_ChangeShippingAddress(AccountMgmtTest.java:64)
	at sun.reflect.NativeMethodAccessorImpl.invoke0(Native Method)
	at sun.reflect.NativeMethodAccessorImpl.invoke(NativeMethodAccessorImpl.java:62)
	at sun.reflect.DelegatingMethodAccessorImpl.invoke(DelegatingMethodAccessorImpl.java:43)
	at java.lang.reflect.Method.invoke(Method.java:498)
	at org.testng.internal.MethodInvocationHelper.invokeMethod(MethodInvocationHelper.java:85)
	at org.testng.internal.Invoker.invokeMethod(Invoker.java:639)
	at org.testng.internal.Invoker.invokeTestMethod(Invoker.java:816)
	at org.testng.internal.Invoker.invokeTestMethods(Invoker.java:1124)
	at org.testng.internal.TestMethodWorker.invokeTestMethods(TestMethodWorker.java:125)
	at org.testng.internal.TestMethodWorker.run(TestMethodWorker.java:108)
	at org.testng.TestRunner.privateRun(TestRunner.java:774)
	at org.testng.TestRunner.run(TestRunner.java:624)
	at org.testng.SuiteRunner.runTest(SuiteRunner.java:359)
	at org.testng.SuiteRunner.runSequentially(SuiteRunner.java:354)
	at org.testng.SuiteRunner.privateRun(SuiteRunner.java:312)
	at org.testng.SuiteRunner.run(SuiteRunner.java:261)
	at org.testng.SuiteRunnerWorker.runSuite(SuiteRunnerWorker.java:52)
	at org.testng.SuiteRunnerWorker.run(SuiteRunnerWorker.java:86)
	at org.testng.TestNG.runSuitesSequentially(TestNG.java:1191)
	at org.testng.TestNG.runSuitesLocally(TestNG.java:1116)
	at org.testng.TestNG.run(TestNG.java:1024)
	at org.apache.maven.surefire.testng.TestNGExecutor.run(TestNGExecutor.java:77)
	at org.apache.maven.surefire.testng.TestNGDirectoryTestSuite.execute(TestNGDirectoryTestSuite.java:110)
	at org.apache.maven.surefire.testng.TestNGProvider.invoke(TestNGProvider.java:106)
	at sun.reflect.NativeMethodAccessorImpl.invoke0(Native Method)
	at sun.reflect.NativeMethodAccessorImpl.invoke(NativeMethodAccessorImpl.java:62)
	at sun.reflect.DelegatingMethodAccessorImpl.invoke(DelegatingMethodAccessorImpl.java:43)
	at java.lang.reflect.Method.invoke(Method.java:498)
	at org.apache.maven.surefire.util.ReflectionUtils.invokeMethodWithArray(ReflectionUtils.java:189)
	at org.apache.maven.surefire.booter.ProviderFactory$ProviderProxy.invoke(ProviderFactory.java:165)
	at org.apache.maven.surefire.booter.ProviderFactory.invokeProvider(ProviderFactory.java:85)
	at org.apache.maven.surefire.booter.ForkedBooter.runSuitesInProcess(ForkedBooter.java:115)
	at org.apache.maven.surefire.booter.ForkedBooter.main(ForkedBooter.java:75)
]]>
            </full-stacktrace>
          </exception> <!-- org.openqa.selenium.ElementNotVisibleException -->
          <reporter-output>
          </reporter-output>
        </test-method> <!-- myntra_ChangeShippingAddress -->
        <test-method status="PASS" signature="cleanUp()[pri:0, instance:com.pramati.test.AccountMgmtTest@153f5a29]" name="cleanUp" is-config="true" duration-ms="4129" started-at="2017-10-12T12:54:45Z" finished-at="2017-10-12T12:54:49Z">
          <reporter-output>
          </reporter-output>
        </test-method> <!-- cleanUp -->
        <test-method status="PASS" signature="setUp()[pri:0, instance:com.pramati.test.AccountMgmtTest@153f5a29]" name="setUp" is-config="true" duration-ms="2446" started-at="2017-10-12T12:54:49Z" finished-at="2017-10-12T12:54:52Z">
          <reporter-output>
          </reporter-output>
        </test-method> <!-- setUp -->
        <test-method status="FAIL" signature="myntra_RemoveAddress(java.lang.String, java.lang.String, java.lang.String, java.lang.String)[pri:5, instance:com.pramati.test.AccountMgmtTest@153f5a29]" name="myntra_RemoveAddress" duration-ms="27283" started-at="2017-10-12T12:54:52Z" description="Add new Address to Account." data-provider="appLogout" finished-at="2017-10-12T12:55:19Z">
          <params>
            <param index="0">
              <value>
                <![CDATA[https://www.myntra.com/]]>
              </value>
            </param>
            <param index="1">
              <value>
                <![CDATA[mahesh.rc25@gmail.com]]>
              </value>
            </param>
            <param index="2">
              <value>
                <![CDATA[Siva@123]]>
              </value>
            </param>
            <param index="3">
              <value>
                <![CDATA[Online Shopping for Women, Men, Kids Fashion & Lifestyle - Myntra]]>
              </value>
            </param>
          </params>
          <exception class="org.openqa.selenium.WebDriverException">
            <message>
              <![CDATA[unknown error: Element <span class="name">...</span> is not clickable at point (452, 613). Other element would receive the click: <div class="selectAddress"></div>
  (Session info: chrome=61.0.3163.100)
  (Driver info: chromedriver=2.32.498550 (9dec58e66c31bcc53a9ce3c7226f0c1c5810906a),platform=Windows NT 10.0.15063 x86_64) (WARNING: The server did not provide any stacktrace information)
Command duration or timeout: 0 milliseconds
Build info: version: '3.5.3', revision: 'a88d25fe6b', time: '2017-08-29T12:42:44.417Z'
System info: host: 'PRINHYLTPDL0729', ip: '172.16.49.30', os.name: 'Windows 10', os.arch: 'amd64', os.version: '10.0', java.version: '1.8.0_144'
Driver info: org.openqa.selenium.chrome.ChromeDriver
Capabilities [{mobileEmulationEnabled=false, hasTouchScreen=false, platform=XP, acceptSslCerts=true, webStorageEnabled=true, browserName=chrome, takesScreenshot=true, javascriptEnabled=true, platformName=XP, setWindowRect=true, unexpectedAlertBehaviour=, applicationCacheEnabled=false, rotatable=false, networkConnectionEnabled=false, chrome={chromedriverVersion=2.32.498550 (9dec58e66c31bcc53a9ce3c7226f0c1c5810906a), userDataDir=C:\Users\maheshg\AppData\Local\Temp\scoped_dir15280_22761}, takesHeapSnapshot=true, pageLoadStrategy=normal, unhandledPromptBehavior=, databaseEnabled=false, handlesAlerts=true, version=61.0.3163.100, browserConnectionEnabled=false, nativeEvents=true, locationContextEnabled=true, cssSelectorsEnabled=true}]
Session ID: a918698d9406f15556eb8cbd2d795d08]]>
            </message>
            <full-stacktrace>
              <![CDATA[org.openqa.selenium.WebDriverException: unknown error: Element <span class="name">...</span> is not clickable at point (452, 613). Other element would receive the click: <div class="selectAddress"></div>
  (Session info: chrome=61.0.3163.100)
  (Driver info: chromedriver=2.32.498550 (9dec58e66c31bcc53a9ce3c7226f0c1c5810906a),platform=Windows NT 10.0.15063 x86_64) (WARNING: The server did not provide any stacktrace information)
Command duration or timeout: 0 milliseconds
Build info: version: '3.5.3', revision: 'a88d25fe6b', time: '2017-08-29T12:42:44.417Z'
System info: host: 'PRINHYLTPDL0729', ip: '172.16.49.30', os.name: 'Windows 10', os.arch: 'amd64', os.version: '10.0', java.version: '1.8.0_144'
Driver info: org.openqa.selenium.chrome.ChromeDriver
Capabilities [{mobileEmulationEnabled=false, hasTouchScreen=false, platform=XP, acceptSslCerts=true, webStorageEnabled=true, browserName=chrome, takesScreenshot=true, javascriptEnabled=true, platformName=XP, setWindowRect=true, unexpectedAlertBehaviour=, applicationCacheEnabled=false, rotatable=false, networkConnectionEnabled=false, chrome={chromedriverVersion=2.32.498550 (9dec58e66c31bcc53a9ce3c7226f0c1c5810906a), userDataDir=C:\Users\maheshg\AppData\Local\Temp\scoped_dir15280_22761}, takesHeapSnapshot=true, pageLoadStrategy=normal, unhandledPromptBehavior=, databaseEnabled=false, handlesAlerts=true, version=61.0.3163.100, browserConnectionEnabled=false, nativeEvents=true, locationContextEnabled=true, cssSelectorsEnabled=true}]
Session ID: a918698d9406f15556eb8cbd2d795d08
	at sun.reflect.NativeConstructorAccessorImpl.newInstance0(Native Method)
	at sun.reflect.NativeConstructorAccessorImpl.newInstance(NativeConstructorAccessorImpl.java:62)
	at sun.reflect.DelegatingConstructorAccessorImpl.newInstance(DelegatingConstructorAccessorImpl.java:45)
	at java.lang.reflect.Constructor.newInstance(Constructor.java:423)
	at org.openqa.selenium.remote.ErrorHandler.createThrowable(ErrorHandler.java:215)
	at org.openqa.selenium.remote.ErrorHandler.throwIfResponseFailed(ErrorHandler.java:167)
	at org.openqa.selenium.remote.http.JsonHttpResponseCodec.reconstructValue(JsonHttpResponseCodec.java:40)
	at org.openqa.selenium.remote.http.AbstractHttpResponseCodec.decode(AbstractHttpResponseCodec.java:82)
	at org.openqa.selenium.remote.http.AbstractHttpResponseCodec.decode(AbstractHttpResponseCodec.java:45)
	at org.openqa.selenium.remote.HttpCommandExecutor.execute(HttpCommandExecutor.java:164)
	at org.openqa.selenium.remote.service.DriverCommandExecutor.execute(DriverCommandExecutor.java:82)
	at org.openqa.selenium.remote.RemoteWebDriver.execute(RemoteWebDriver.java:646)
	at org.openqa.selenium.remote.RemoteWebElement.execute(RemoteWebElement.java:275)
	at org.openqa.selenium.remote.RemoteWebElement.click(RemoteWebElement.java:82)
	at com.pramati.test.AccountMgmtTest.myntra_RemoveAddress(AccountMgmtTest.java:99)
	at sun.reflect.NativeMethodAccessorImpl.invoke0(Native Method)
	at sun.reflect.NativeMethodAccessorImpl.invoke(NativeMethodAccessorImpl.java:62)
	at sun.reflect.DelegatingMethodAccessorImpl.invoke(DelegatingMethodAccessorImpl.java:43)
	at java.lang.reflect.Method.invoke(Method.java:498)
	at org.testng.internal.MethodInvocationHelper.invokeMethod(MethodInvocationHelper.java:85)
	at org.testng.internal.Invoker.invokeMethod(Invoker.java:639)
	at org.testng.internal.Invoker.invokeTestMethod(Invoker.java:816)
	at org.testng.internal.Invoker.invokeTestMethods(Invoker.java:1124)
	at org.testng.internal.TestMethodWorker.invokeTestMethods(TestMethodWorker.java:125)
	at org.testng.internal.TestMethodWorker.run(TestMethodWorker.java:108)
	at org.testng.TestRunner.privateRun(TestRunner.java:774)
	at org.testng.TestRunner.run(TestRunner.java:624)
	at org.testng.SuiteRunner.runTest(SuiteRunner.java:359)
	at org.testng.SuiteRunner.runSequentially(SuiteRunner.java:354)
	at org.testng.SuiteRunner.privateRun(SuiteRunner.java:312)
	at org.testng.SuiteRunner.run(SuiteRunner.java:261)
	at org.testng.SuiteRunnerWorker.runSuite(SuiteRunnerWorker.java:52)
	at org.testng.SuiteRunnerWorker.run(SuiteRunnerWorker.java:86)
	at org.testng.TestNG.runSuitesSequentially(TestNG.java:1191)
	at org.testng.TestNG.runSuitesLocally(TestNG.java:1116)
	at org.testng.TestNG.run(TestNG.java:1024)
	at org.apache.maven.surefire.testng.TestNGExecutor.run(TestNGExecutor.java:77)
	at org.apache.maven.surefire.testng.TestNGDirectoryTestSuite.execute(TestNGDirectoryTestSuite.java:110)
	at org.apache.maven.surefire.testng.TestNGProvider.invoke(TestNGProvider.java:106)
	at sun.reflect.NativeMethodAccessorImpl.invoke0(Native Method)
	at sun.reflect.NativeMethodAccessorImpl.invoke(NativeMethodAccessorImpl.java:62)
	at sun.reflect.DelegatingMethodAccessorImpl.invoke(DelegatingMethodAccessorImpl.java:43)
	at java.lang.reflect.Method.invoke(Method.java:498)
	at org.apache.maven.surefire.util.ReflectionUtils.invokeMethodWithArray(ReflectionUtils.java:189)
	at org.apache.maven.surefire.booter.ProviderFactory$ProviderProxy.invoke(ProviderFactory.java:165)
	at org.apache.maven.surefire.booter.ProviderFactory.invokeProvider(ProviderFactory.java:85)
	at org.apache.maven.surefire.booter.ForkedBooter.runSuitesInProcess(ForkedBooter.java:115)
	at org.apache.maven.surefire.booter.ForkedBooter.main(ForkedBooter.java:75)
]]>
            </full-stacktrace>
          </exception> <!-- org.openqa.selenium.WebDriverException -->
          <reporter-output>
          </reporter-output>
        </test-method> <!-- myntra_RemoveAddress -->
        <test-method status="PASS" signature="cleanUp()[pri:0, instance:com.pramati.test.AccountMgmtTest@153f5a29]" name="cleanUp" is-config="true" duration-ms="2060" started-at="2017-10-12T12:55:19Z" finished-at="2017-10-12T12:55:21Z">
          <reporter-output>
          </reporter-output>
        </test-method> <!-- cleanUp -->
        <test-method status="PASS" signature="setUp()[pri:0, instance:com.pramati.test.AccountMgmtTest@153f5a29]" name="setUp" is-config="true" duration-ms="2583" started-at="2017-10-12T12:55:21Z" finished-at="2017-10-12T12:55:24Z">
          <reporter-output>
          </reporter-output>
        </test-method> <!-- setUp -->
        <test-method status="FAIL" signature="myntra_NoOfProductsPerPageTest(java.lang.String, java.lang.String, java.lang.String, java.lang.String)[pri:6, instance:com.pramati.test.AccountMgmtTest@153f5a29]" name="myntra_NoOfProductsPerPageTest" duration-ms="30762" started-at="2017-10-12T12:55:24Z" description="Add new Address to Account." data-provider="appLogout" finished-at="2017-10-12T12:55:55Z">
          <params>
            <param index="0">
              <value>
                <![CDATA[https://www.myntra.com/]]>
              </value>
            </param>
            <param index="1">
              <value>
                <![CDATA[mahesh.rc25@gmail.com]]>
              </value>
            </param>
            <param index="2">
              <value>
                <![CDATA[Siva@123]]>
              </value>
            </param>
            <param index="3">
              <value>
                <![CDATA[Online Shopping for Women, Men, Kids Fashion & Lifestyle - Myntra]]>
              </value>
            </param>
          </params>
          <exception class="java.lang.AssertionError">
            <message>
              <![CDATA[expected [Shopping Women Men Boy Girl Lifestyle Myntra - Buy Shopping Women Men Boy Girl Lifestyle Myntra online in India] but found [Online Shopping For Women Men Boy Girl Fashion & Lifestyle Myntra - Buy Online Shopping For Women Men Boy Girl Fashion & Lifestyle Myntra online in India]]]>
            </message>
            <full-stacktrace>
              <![CDATA[java.lang.AssertionError: expected [Shopping Women Men Boy Girl Lifestyle Myntra - Buy Shopping Women Men Boy Girl Lifestyle Myntra online in India] but found [Online Shopping For Women Men Boy Girl Fashion & Lifestyle Myntra - Buy Online Shopping For Women Men Boy Girl Fashion & Lifestyle Myntra online in India]
	at org.testng.Assert.fail(Assert.java:94)
	at org.testng.Assert.failNotEquals(Assert.java:496)
	at org.testng.Assert.assertEquals(Assert.java:125)
	at org.testng.Assert.assertEquals(Assert.java:178)
	at org.testng.Assert.assertEquals(Assert.java:188)
	at com.pramati.test.AccountMgmtTest.myntra_NoOfProductsPerPageTest(AccountMgmtTest.java:119)
	at sun.reflect.NativeMethodAccessorImpl.invoke0(Native Method)
	at sun.reflect.NativeMethodAccessorImpl.invoke(NativeMethodAccessorImpl.java:62)
	at sun.reflect.DelegatingMethodAccessorImpl.invoke(DelegatingMethodAccessorImpl.java:43)
	at java.lang.reflect.Method.invoke(Method.java:498)
	at org.testng.internal.MethodInvocationHelper.invokeMethod(MethodInvocationHelper.java:85)
	at org.testng.internal.Invoker.invokeMethod(Invoker.java:639)
	at org.testng.internal.Invoker.invokeTestMethod(Invoker.java:816)
	at org.testng.internal.Invoker.invokeTestMethods(Invoker.java:1124)
	at org.testng.internal.TestMethodWorker.invokeTestMethods(TestMethodWorker.java:125)
	at org.testng.internal.TestMethodWorker.run(TestMethodWorker.java:108)
	at org.testng.TestRunner.privateRun(TestRunner.java:774)
	at org.testng.TestRunner.run(TestRunner.java:624)
	at org.testng.SuiteRunner.runTest(SuiteRunner.java:359)
	at org.testng.SuiteRunner.runSequentially(SuiteRunner.java:354)
	at org.testng.SuiteRunner.privateRun(SuiteRunner.java:312)
	at org.testng.SuiteRunner.run(SuiteRunner.java:261)
	at org.testng.SuiteRunnerWorker.runSuite(SuiteRunnerWorker.java:52)
	at org.testng.SuiteRunnerWorker.run(SuiteRunnerWorker.java:86)
	at org.testng.TestNG.runSuitesSequentially(TestNG.java:1191)
	at org.testng.TestNG.runSuitesLocally(TestNG.java:1116)
	at org.testng.TestNG.run(TestNG.java:1024)
	at org.apache.maven.surefire.testng.TestNGExecutor.run(TestNGExecutor.java:77)
	at org.apache.maven.surefire.testng.TestNGDirectoryTestSuite.execute(TestNGDirectoryTestSuite.java:110)
	at org.apache.maven.surefire.testng.TestNGProvider.invoke(TestNGProvider.java:106)
	at sun.reflect.NativeMethodAccessorImpl.invoke0(Native Method)
	at sun.reflect.NativeMethodAccessorImpl.invoke(NativeMethodAccessorImpl.java:62)
	at sun.reflect.DelegatingMethodAccessorImpl.invoke(DelegatingMethodAccessorImpl.java:43)
	at java.lang.reflect.Method.invoke(Method.java:498)
	at org.apache.maven.surefire.util.ReflectionUtils.invokeMethodWithArray(ReflectionUtils.java:189)
	at org.apache.maven.surefire.booter.ProviderFactory$ProviderProxy.invoke(ProviderFactory.java:165)
	at org.apache.maven.surefire.booter.ProviderFactory.invokeProvider(ProviderFactory.java:85)
	at org.apache.maven.surefire.booter.ForkedBooter.runSuitesInProcess(ForkedBooter.java:115)
	at org.apache.maven.surefire.booter.ForkedBooter.main(ForkedBooter.java:75)
]]>
            </full-stacktrace>
          </exception> <!-- java.lang.AssertionError -->
          <reporter-output>
          </reporter-output>
        </test-method> <!-- myntra_NoOfProductsPerPageTest -->
        <test-method status="PASS" signature="cleanUp()[pri:0, instance:com.pramati.test.AccountMgmtTest@153f5a29]" name="cleanUp" is-config="true" duration-ms="1602" started-at="2017-10-12T12:55:55Z" finished-at="2017-10-12T12:55:56Z">
          <reporter-output>
          </reporter-output>
        </test-method> <!-- cleanUp -->
        <test-method status="PASS" signature="setUp()[pri:0, instance:com.pramati.test.AccountMgmtTest@153f5a29]" name="setUp" is-config="true" duration-ms="2707" started-at="2017-10-12T12:55:56Z" finished-at="2017-10-12T12:55:59Z">
          <reporter-output>
          </reporter-output>
        </test-method> <!-- setUp -->
        <test-method status="PASS" signature="myntra_OrderCODTest(java.lang.String, java.lang.String, java.lang.String, java.lang.String)[pri:7, instance:com.pramati.test.AccountMgmtTest@153f5a29]" name="myntra_OrderCODTest" duration-ms="71765" started-at="2017-10-12T12:55:59Z" description="Add new Address to Account." data-provider="appLogout" finished-at="2017-10-12T12:57:11Z">
          <params>
            <param index="0">
              <value>
                <![CDATA[https://www.myntra.com/]]>
              </value>
            </param>
            <param index="1">
              <value>
                <![CDATA[mahesh.rc25@gmail.com]]>
              </value>
            </param>
            <param index="2">
              <value>
                <![CDATA[Siva@123]]>
              </value>
            </param>
            <param index="3">
              <value>
                <![CDATA[Online Shopping for Women, Men, Kids Fashion & Lifestyle - Myntra]]>
              </value>
            </param>
          </params>
          <reporter-output>
          </reporter-output>
        </test-method> <!-- myntra_OrderCODTest -->
        <test-method status="PASS" signature="cleanUp()[pri:0, instance:com.pramati.test.AccountMgmtTest@153f5a29]" name="cleanUp" is-config="true" duration-ms="2412" started-at="2017-10-12T12:57:11Z" finished-at="2017-10-12T12:57:13Z">
          <reporter-output>
          </reporter-output>
        </test-method> <!-- cleanUp -->
        <test-method status="PASS" signature="setUp()[pri:0, instance:com.pramati.test.AccountMgmtTest@153f5a29]" name="setUp" is-config="true" duration-ms="2214" started-at="2017-10-12T12:57:13Z" finished-at="2017-10-12T12:57:15Z">
          <reporter-output>
          </reporter-output>
        </test-method> <!-- setUp -->
        <test-method status="PASS" signature="myntra_AddMultpleProductsToCartTest(java.lang.String, java.lang.String, java.lang.String, java.lang.String)[pri:8, instance:com.pramati.test.AccountMgmtTest@153f5a29]" name="myntra_AddMultpleProductsToCartTest" duration-ms="194099" started-at="2017-10-12T12:57:15Z" description="Add product to card and verifying items count." data-provider="AddMultpleProductsToCart" finished-at="2017-10-12T13:00:29Z">
          <params>
            <param index="0">
              <value>
                <![CDATA[https://www.myntra.com/]]>
              </value>
            </param>
            <param index="1">
              <value>
                <![CDATA[mahesh.rc25@gmail.com]]>
              </value>
            </param>
            <param index="2">
              <value>
                <![CDATA[Siva@123]]>
              </value>
            </param>
            <param index="3">
              <value>
                <![CDATA[Shirts]]>
              </value>
            </param>
          </params>
          <reporter-output>
          </reporter-output>
        </test-method> <!-- myntra_AddMultpleProductsToCartTest -->
        <test-method status="PASS" signature="cleanUp()[pri:0, instance:com.pramati.test.AccountMgmtTest@153f5a29]" name="cleanUp" is-config="true" duration-ms="9353" started-at="2017-10-12T13:00:29Z" finished-at="2017-10-12T13:00:39Z">
          <reporter-output>
          </reporter-output>
        </test-method> <!-- cleanUp -->
        <test-method status="PASS" signature="setUp()[pri:0, instance:com.pramati.test.AccountMgmtTest@153f5a29]" name="setUp" is-config="true" duration-ms="4608" started-at="2017-10-12T13:00:39Z" finished-at="2017-10-12T13:00:43Z">
          <reporter-output>
          </reporter-output>
        </test-method> <!-- setUp -->
        <test-method status="PASS" signature="myntra_serchForOrderStatusTest(java.lang.String, java.lang.String, java.lang.String, java.lang.String)[pri:8, instance:com.pramati.test.AccountMgmtTest@153f5a29]" name="myntra_serchForOrderStatusTest" duration-ms="115677" started-at="2017-10-12T13:00:43Z" description="Add product to card and verifying items count." data-provider="AddMultpleProductsToCart" finished-at="2017-10-12T13:02:39Z">
          <params>
            <param index="0">
              <value>
                <![CDATA[https://www.myntra.com/]]>
              </value>
            </param>
            <param index="1">
              <value>
                <![CDATA[mahesh.rc25@gmail.com]]>
              </value>
            </param>
            <param index="2">
              <value>
                <![CDATA[Siva@123]]>
              </value>
            </param>
            <param index="3">
              <value>
                <![CDATA[Shirts]]>
              </value>
            </param>
          </params>
          <reporter-output>
          </reporter-output>
        </test-method> <!-- myntra_serchForOrderStatusTest -->
        <test-method status="PASS" signature="cleanUp()[pri:0, instance:com.pramati.test.AccountMgmtTest@153f5a29]" name="cleanUp" is-config="true" duration-ms="2330" started-at="2017-10-12T13:02:39Z" finished-at="2017-10-12T13:02:41Z">
          <reporter-output>
          </reporter-output>
        </test-method> <!-- cleanUp -->
        <test-method status="PASS" signature="tearDown()[pri:0, instance:com.pramati.test.AccountMgmtTest@153f5a29]" name="tearDown" is-config="true" duration-ms="0" started-at="2017-10-12T13:02:41Z" finished-at="2017-10-12T13:02:41Z">
          <reporter-output>
          </reporter-output>
        </test-method> <!-- tearDown -->
      </class> <!-- com.pramati.test.AccountMgmtTest -->
    </test> <!-- Command line test -->
  </suite> <!-- com.pramati.test.AccountMgmtTest -->
</testng-results>
